<?xml version="1.0" encoding="UTF-8"?>
<!-- Generated by org.testng.reporters.JUnitReportReporter -->
<testsuite hostname="DESKTOP-DIMGNTL" failures="0" tests="8" name="com.dsalgo.tests.DSAlgoDataStructureTest" time="10.369" errors="0" timestamp="2022-09-02T15:48:05 EDT" skipped="0">
  <testcase classname="com.dsalgo.tests.DSAlgoDataStructureTest" name="NavigateToHomePage" time="0.993"/>
  <system-out/>
  <testcase classname="com.dsalgo.tests.DSAlgoDataStructureTest" name="VerifyDSValuesinDropDown" time="0.122"/>
  <system-out/>
  <testcase classname="com.dsalgo.tests.DSAlgoDataStructureTest" name="NavigateToHomePage" time="2.141"/>
  <system-out/>
  <testcase classname="com.dsalgo.tests.DSAlgoDataStructureTest" name="SignIn" time="2.194"/>
  <system-out/>
  <testcase classname="com.dsalgo.tests.DSAlgoDataStructureTest" name="VerifyDSValuesinDropDown" time="0.267"/>
  <system-out/>
  <testcase classname="com.dsalgo.tests.DSAlgoDataStructureTest" name="RegisterUser" time="1.442"/>
  <system-out/>
  <testcase classname="com.dsalgo.tests.DSAlgoDataStructureTest" name="SignIn" time="1.734"/>
  <system-out/>
  <testcase classname="com.dsalgo.tests.DSAlgoDataStructureTest" name="RegisterUser" time="1.476"/>
  <system-out/>
</testsuite> <!-- com.dsalgo.tests.DSAlgoDataStructureTest -->
