<?xml version="1.0" encoding="UTF-8"?>
<!-- Generated by org.testng.reporters.JUnitReportReporter -->
<testsuite hostname="DESKTOP-DIMGNTL" failures="0" tests="4" name="com.dsalgo.tests.DSAlgoUserRegistrationTest" time="3.606" errors="0" timestamp="2022-09-02T09:44:50 EDT" skipped="0">
  <testcase classname="com.dsalgo.tests.DSAlgoUserRegistrationTest" name="NavigateToHomePage" time="0.771"/>
  <system-out/>
  <testcase classname="com.dsalgo.tests.DSAlgoUserRegistrationTest" name="RegisterUser" time="1.195"/>
  <system-out/>
  <testcase classname="com.dsalgo.tests.DSAlgoUserRegistrationTest" name="TestDataStructure_Intro" time="0.302"/>
  <system-out/>
  <testcase classname="com.dsalgo.tests.DSAlgoUserRegistrationTest" name="SignIn" time="1.338"/>
  <system-out/>
</testsuite> <!-- com.dsalgo.tests.DSAlgoUserRegistrationTest -->
