<?xml version="1.0" encoding="UTF-8"?>
<!-- Generated by org.testng.reporters.JUnitReportReporter -->
<testsuite hostname="DESKTOP-DIMGNTL" failures="0" tests="6" name="com.dsalgo.tests.DSAlgoArrayTest" time="0.002" errors="0" timestamp="2022-09-15T19:59:53 EDT" skipped="6">
  <testcase classname="com.dsalgo.tests.DSAlgoArrayTest" name="ValidateScriptExecution" time="0.000">
    <skipped/>
  </testcase> <!-- ValidateScriptExecution -->
  <system-out/>
  <testcase classname="com.dsalgo.tests.DSAlgoArrayTest" name="VerifyArrayPageTitle" time="0.002">
    <skipped/>
  </testcase> <!-- VerifyArrayPageTitle -->
  <system-out/>
  <testcase classname="com.dsalgo.tests.DSAlgoArrayTest" name="VerifyArrayTopicsLinks" time="0.000">
    <skipped/>
  </testcase> <!-- VerifyArrayTopicsLinks -->
  <system-out/>
  <testcase classname="com.dsalgo.tests.DSAlgoArrayTest" name="ValidateScriptExecution" time="0.000">
    <skipped/>
  </testcase> <!-- ValidateScriptExecution -->
  <system-out/>
  <testcase classname="com.dsalgo.tests.DSAlgoArrayTest" name="VerifyArrayPageTitle" time="0.000">
    <skipped/>
  </testcase> <!-- VerifyArrayPageTitle -->
  <system-out/>
  <testcase classname="com.dsalgo.tests.DSAlgoArrayTest" name="VerifyArrayTopicsLinks" time="0.000">
    <skipped/>
  </testcase> <!-- VerifyArrayTopicsLinks -->
  <system-out/>
</testsuite> <!-- com.dsalgo.tests.DSAlgoArrayTest -->
