<?xml version="1.0" encoding="UTF-8"?>
<!-- Generated by org.testng.reporters.JUnitReportReporter -->
<testsuite hostname="DESKTOP-DIMGNTL" failures="0" tests="2" name="com.dsalgo.tests.DSAlgotest" time="1.690" errors="0" timestamp="2022-09-02T15:48:05 EDT" skipped="0">
  <testcase classname="com.dsalgo.tests.DSAlgotest" name="TestDataStructure_Intro" time="1.202"/>
  <system-out/>
  <testcase classname="com.dsalgo.tests.DSAlgotest" name="TestDataStructure_Intro" time="0.488"/>
  <system-out/>
</testsuite> <!-- com.dsalgo.tests.DSAlgotest -->
